[ 2016-01-19T09:43:27+08:00 ] ::1 /thinkphp_3.2/Public/basic_temp/images/backgrounds/calActiveBg.png
INFO: [ app_init ] --START--
INFO: Run Behavior\BuildLiteBehavior [ RunTime:0.000000s ]
INFO: [ app_init ] --END-- [ RunTime:0.000000s ]
ERR: 无法加载模块:Public

[ 2016-01-19T13:59:00+08:00 ] ::1 /thinkphp_3.2/index.php/Public/basic_temp/css/bootstrap.min.css
INFO: [ app_init ] --START--
INFO: Run Behavior\BuildLiteBehavior [ RunTime:0.000000s ]
INFO: [ app_init ] --END-- [ RunTime:0.000000s ]
ERR: 无法加载模块:Public

[ 2016-01-19T14:03:01+08:00 ] ::1 /thinkphp_3.2/Index/index
INFO: [ app_init ] --START--
INFO: Run Behavior\BuildLiteBehavior [ RunTime:0.000000s ]
INFO: [ app_init ] --END-- [ RunTime:0.001000s ]
ERR: 无法加载模块:Index

[ 2016-01-19T14:08:16+08:00 ] ::1 /thinkphp_3.2/__ROOT__/Public/basic_temp/css/bootstrap.min.css
INFO: [ app_init ] --START--
INFO: Run Behavior\BuildLiteBehavior [ RunTime:0.000000s ]
INFO: [ app_init ] --END-- [ RunTime:0.000000s ]
ERR: 无法加载模块:__ROOT__

[ 2016-01-19T14:08:16+08:00 ] ::1 /thinkphp_3.2/__ROOT__/Public/basic_temp/js/excanvas.min.js
INFO: [ app_init ] --START--
INFO: Run Behavior\BuildLiteBehavior [ RunTime:0.000000s ]
INFO: [ app_init ] --END-- [ RunTime:0.001000s ]
ERR: 无法加载模块:__ROOT__

[ 2016-01-19T14:08:16+08:00 ] ::1 /thinkphp_3.2/__ROOT__/Public/basic_temp/css/unicorn.grey.css
INFO: [ app_init ] --START--
INFO: Run Behavior\BuildLiteBehavior [ RunTime:0.000000s ]
INFO: [ app_init ] --END-- [ RunTime:0.000000s ]
ERR: 无法加载模块:__ROOT__

[ 2016-01-19T14:08:16+08:00 ] ::1 /thinkphp_3.2/__ROOT__/Public/basic_temp/js/jquery.ui.custom.js
INFO: [ app_init ] --START--
INFO: Run Behavior\BuildLiteBehavior [ RunTime:0.000000s ]
INFO: [ app_init ] --END-- [ RunTime:0.000000s ]
ERR: 无法加载模块:__ROOT__

[ 2016-01-19T14:08:16+08:00 ] ::1 /thinkphp_3.2/__ROOT__/Public/basic_temp/css/bootstrap-responsive.min.css
INFO: [ app_init ] --START--
INFO: Run Behavior\BuildLiteBehavior [ RunTime:0.000000s ]
INFO: [ app_init ] --END-- [ RunTime:0.000000s ]
ERR: 无法加载模块:__ROOT__

[ 2016-01-19T14:08:16+08:00 ] ::1 /thinkphp_3.2/__ROOT__/Public/basic_temp/css/unicorn.main.css
INFO: [ app_init ] --START--
INFO: Run Behavior\BuildLiteBehavior [ RunTime:0.000000s ]
INFO: [ app_init ] --END-- [ RunTime:0.000000s ]
ERR: 无法加载模块:__ROOT__

[ 2016-01-19T14:08:16+08:00 ] ::1 /thinkphp_3.2/__ROOT__/Public/basic_temp/js/jquery.min.js
INFO: [ app_init ] --START--
INFO: Run Behavior\BuildLiteBehavior [ RunTime:0.001000s ]
INFO: [ app_init ] --END-- [ RunTime:0.001000s ]
ERR: 无法加载模块:__ROOT__

[ 2016-01-19T14:08:16+08:00 ] ::1 /thinkphp_3.2/__ROOT__/Public/basic_temp/css/fullcalendar.css
INFO: [ app_init ] --START--
INFO: Run Behavior\BuildLiteBehavior [ RunTime:0.000000s ]
INFO: [ app_init ] --END-- [ RunTime:0.000000s ]
ERR: 无法加载模块:__ROOT__

[ 2016-01-19T14:08:17+08:00 ] ::1 /thinkphp_3.2/__ROOT__/Public/basic_temp/js/jquery.flot.min.js
INFO: [ app_init ] --START--
INFO: Run Behavior\BuildLiteBehavior [ RunTime:0.000000s ]
INFO: [ app_init ] --END-- [ RunTime:0.000000s ]
ERR: 无法加载模块:__ROOT__

[ 2016-01-19T14:08:17+08:00 ] ::1 /thinkphp_3.2/__ROOT__/Public/basic_temp/js/jquery.flot.resize.min.js
INFO: [ app_init ] --START--
INFO: Run Behavior\BuildLiteBehavior [ RunTime:0.000000s ]
INFO: [ app_init ] --END-- [ RunTime:0.000000s ]
ERR: 无法加载模块:__ROOT__

[ 2016-01-19T14:08:17+08:00 ] ::1 /thinkphp_3.2/__ROOT__/Public/basic_temp/js/fullcalendar.min.js
INFO: [ app_init ] --START--
INFO: Run Behavior\BuildLiteBehavior [ RunTime:0.000000s ]
INFO: [ app_init ] --END-- [ RunTime:0.001001s ]
ERR: 无法加载模块:__ROOT__

[ 2016-01-19T14:08:17+08:00 ] ::1 /thinkphp_3.2/__ROOT__/Public/basic_temp/js/jquery.peity.min.js
INFO: [ app_init ] --START--
INFO: Run Behavior\BuildLiteBehavior [ RunTime:0.000000s ]
INFO: [ app_init ] --END-- [ RunTime:0.000000s ]
ERR: 无法加载模块:__ROOT__

[ 2016-01-19T14:08:17+08:00 ] ::1 /thinkphp_3.2/__ROOT__/Public/basic_temp/js/unicorn.js
INFO: [ app_init ] --START--
INFO: Run Behavior\BuildLiteBehavior [ RunTime:0.000000s ]
INFO: [ app_init ] --END-- [ RunTime:0.001000s ]
ERR: 无法加载模块:__ROOT__

[ 2016-01-19T14:08:17+08:00 ] ::1 /thinkphp_3.2/__ROOT__/Public/basic_temp/js/bootstrap.min.js
INFO: [ app_init ] --START--
INFO: Run Behavior\BuildLiteBehavior [ RunTime:0.000000s ]
INFO: [ app_init ] --END-- [ RunTime:0.001000s ]
ERR: 无法加载模块:__ROOT__

[ 2016-01-19T14:08:18+08:00 ] ::1 /thinkphp_3.2/__ROOT__/Public/basic_temp/js/unicorn.dashboard.js
INFO: [ app_init ] --START--
INFO: Run Behavior\BuildLiteBehavior [ RunTime:0.000000s ]
INFO: [ app_init ] --END-- [ RunTime:0.001001s ]
ERR: 无法加载模块:__ROOT__

[ 2016-01-19T14:08:27+08:00 ] ::1 /thinkphp_3.2/_ROOT_/Public/basic_temp/css/bootstrap.min.css
INFO: [ app_init ] --START--
INFO: Run Behavior\BuildLiteBehavior [ RunTime:0.000000s ]
INFO: [ app_init ] --END-- [ RunTime:0.000000s ]
ERR: 无法加载模块:_ROOT_

[ 2016-01-19T14:08:27+08:00 ] ::1 /thinkphp_3.2/_ROOT_/Public/basic_temp/css/bootstrap-responsive.min.css
INFO: [ app_init ] --START--
INFO: Run Behavior\BuildLiteBehavior [ RunTime:0.000000s ]
INFO: [ app_init ] --END-- [ RunTime:0.001000s ]
ERR: 无法加载模块:_ROOT_

[ 2016-01-19T14:08:27+08:00 ] ::1 /thinkphp_3.2/_ROOT_/Public/basic_temp/css/fullcalendar.css
INFO: [ app_init ] --START--
INFO: Run Behavior\BuildLiteBehavior [ RunTime:0.000000s ]
INFO: [ app_init ] --END-- [ RunTime:0.000000s ]
ERR: 无法加载模块:_ROOT_

[ 2016-01-19T14:08:27+08:00 ] ::1 /thinkphp_3.2/_ROOT_/Public/basic_temp/js/jquery.min.js
INFO: [ app_init ] --START--
INFO: Run Behavior\BuildLiteBehavior [ RunTime:0.000000s ]
INFO: [ app_init ] --END-- [ RunTime:0.000000s ]
ERR: 无法加载模块:_ROOT_

[ 2016-01-19T14:08:27+08:00 ] ::1 /thinkphp_3.2/_ROOT_/Public/basic_temp/js/excanvas.min.js
INFO: [ app_init ] --START--
INFO: Run Behavior\BuildLiteBehavior [ RunTime:0.000000s ]
INFO: [ app_init ] --END-- [ RunTime:0.000000s ]
ERR: 无法加载模块:_ROOT_

[ 2016-01-19T14:08:27+08:00 ] ::1 /thinkphp_3.2/_ROOT_/Public/basic_temp/css/unicorn.grey.css
INFO: [ app_init ] --START--
INFO: Run Behavior\BuildLiteBehavior [ RunTime:0.000000s ]
INFO: [ app_init ] --END-- [ RunTime:0.001000s ]
ERR: 无法加载模块:_ROOT_

[ 2016-01-19T14:08:27+08:00 ] ::1 /thinkphp_3.2/_ROOT_/Public/basic_temp/css/unicorn.main.css
INFO: [ app_init ] --START--
INFO: Run Behavior\BuildLiteBehavior [ RunTime:0.001001s ]
INFO: [ app_init ] --END-- [ RunTime:0.001001s ]
ERR: 无法加载模块:_ROOT_

[ 2016-01-19T14:08:27+08:00 ] ::1 /thinkphp_3.2/_ROOT_/Public/basic_temp/js/jquery.flot.resize.min.js
INFO: [ app_init ] --START--
INFO: Run Behavior\BuildLiteBehavior [ RunTime:0.000000s ]
INFO: [ app_init ] --END-- [ RunTime:0.000000s ]
ERR: 无法加载模块:_ROOT_

[ 2016-01-19T14:08:27+08:00 ] ::1 /thinkphp_3.2/_ROOT_/Public/basic_temp/js/jquery.ui.custom.js
INFO: [ app_init ] --START--
INFO: Run Behavior\BuildLiteBehavior [ RunTime:0.000000s ]
INFO: [ app_init ] --END-- [ RunTime:0.000000s ]
ERR: 无法加载模块:_ROOT_

[ 2016-01-19T14:08:27+08:00 ] ::1 /thinkphp_3.2/_ROOT_/Public/basic_temp/js/bootstrap.min.js
INFO: [ app_init ] --START--
INFO: Run Behavior\BuildLiteBehavior [ RunTime:0.000000s ]
INFO: [ app_init ] --END-- [ RunTime:0.000000s ]
ERR: 无法加载模块:_ROOT_

[ 2016-01-19T14:08:27+08:00 ] ::1 /thinkphp_3.2/_ROOT_/Public/basic_temp/js/jquery.flot.min.js
INFO: [ app_init ] --START--
INFO: Run Behavior\BuildLiteBehavior [ RunTime:0.000000s ]
INFO: [ app_init ] --END-- [ RunTime:0.000000s ]
ERR: 无法加载模块:_ROOT_

[ 2016-01-19T14:08:27+08:00 ] ::1 /thinkphp_3.2/_ROOT_/Public/basic_temp/js/jquery.peity.min.js
INFO: [ app_init ] --START--
INFO: Run Behavior\BuildLiteBehavior [ RunTime:0.000000s ]
INFO: [ app_init ] --END-- [ RunTime:0.000000s ]
ERR: 无法加载模块:_ROOT_

[ 2016-01-19T14:08:27+08:00 ] ::1 /thinkphp_3.2/_ROOT_/Public/basic_temp/js/fullcalendar.min.js
INFO: [ app_init ] --START--
INFO: Run Behavior\BuildLiteBehavior [ RunTime:0.000000s ]
INFO: [ app_init ] --END-- [ RunTime:0.000000s ]
ERR: 无法加载模块:_ROOT_

[ 2016-01-19T14:08:27+08:00 ] ::1 /thinkphp_3.2/_ROOT_/Public/basic_temp/js/unicorn.js
INFO: [ app_init ] --START--
INFO: Run Behavior\BuildLiteBehavior [ RunTime:0.000000s ]
INFO: [ app_init ] --END-- [ RunTime:0.000000s ]
ERR: 无法加载模块:_ROOT_

[ 2016-01-19T14:08:27+08:00 ] ::1 /thinkphp_3.2/_ROOT_/Public/basic_temp/js/unicorn.dashboard.js
INFO: [ app_init ] --START--
INFO: Run Behavior\BuildLiteBehavior [ RunTime:0.001000s ]
INFO: [ app_init ] --END-- [ RunTime:0.001000s ]
ERR: 无法加载模块:_ROOT_

[ 2016-01-19T14:08:31+08:00 ] ::1 /thinkphp_3.2/_ROOT_/Public/basic_temp/css/fullcalendar.css
INFO: [ app_init ] --START--
INFO: Run Behavior\BuildLiteBehavior [ RunTime:0.000000s ]
INFO: [ app_init ] --END-- [ RunTime:0.000000s ]
ERR: 无法加载模块:_ROOT_

[ 2016-01-19T14:08:31+08:00 ] ::1 /thinkphp_3.2/_ROOT_/Public/basic_temp/css/bootstrap-responsive.min.css
INFO: [ app_init ] --START--
INFO: Run Behavior\BuildLiteBehavior [ RunTime:0.000000s ]
INFO: [ app_init ] --END-- [ RunTime:0.001000s ]
ERR: 无法加载模块:_ROOT_

[ 2016-01-19T14:08:31+08:00 ] ::1 /thinkphp_3.2/_ROOT_/Public/basic_temp/css/bootstrap.min.css
INFO: [ app_init ] --START--
INFO: Run Behavior\BuildLiteBehavior [ RunTime:0.000000s ]
INFO: [ app_init ] --END-- [ RunTime:0.000000s ]
ERR: 无法加载模块:_ROOT_

[ 2016-01-19T14:08:31+08:00 ] ::1 /thinkphp_3.2/_ROOT_/Public/basic_temp/css/unicorn.grey.css
INFO: [ app_init ] --START--
INFO: Run Behavior\BuildLiteBehavior [ RunTime:0.000000s ]
INFO: [ app_init ] --END-- [ RunTime:0.000000s ]
ERR: 无法加载模块:_ROOT_

[ 2016-01-19T14:08:31+08:00 ] ::1 /thinkphp_3.2/_ROOT_/Public/basic_temp/js/excanvas.min.js
INFO: [ app_init ] --START--
INFO: Run Behavior\BuildLiteBehavior [ RunTime:0.000000s ]
INFO: [ app_init ] --END-- [ RunTime:0.000000s ]
ERR: 无法加载模块:_ROOT_

[ 2016-01-19T14:08:31+08:00 ] ::1 /thinkphp_3.2/_ROOT_/Public/basic_temp/js/jquery.min.js
INFO: [ app_init ] --START--
INFO: Run Behavior\BuildLiteBehavior [ RunTime:0.000000s ]
INFO: [ app_init ] --END-- [ RunTime:0.001000s ]
ERR: 无法加载模块:_ROOT_

[ 2016-01-19T14:08:31+08:00 ] ::1 /thinkphp_3.2/_ROOT_/Public/basic_temp/css/unicorn.main.css
INFO: [ app_init ] --START--
INFO: Run Behavior\BuildLiteBehavior [ RunTime:0.000000s ]
INFO: [ app_init ] --END-- [ RunTime:0.001000s ]
ERR: 无法加载模块:_ROOT_

[ 2016-01-19T14:08:31+08:00 ] ::1 /thinkphp_3.2/_ROOT_/Public/basic_temp/js/jquery.ui.custom.js
INFO: [ app_init ] --START--
INFO: Run Behavior\BuildLiteBehavior [ RunTime:0.000000s ]
INFO: [ app_init ] --END-- [ RunTime:0.000000s ]
ERR: 无法加载模块:_ROOT_

[ 2016-01-19T14:08:31+08:00 ] ::1 /thinkphp_3.2/_ROOT_/Public/basic_temp/js/jquery.peity.min.js
INFO: [ app_init ] --START--
INFO: Run Behavior\BuildLiteBehavior [ RunTime:0.000000s ]
INFO: [ app_init ] --END-- [ RunTime:0.000000s ]
ERR: 无法加载模块:_ROOT_

[ 2016-01-19T14:08:31+08:00 ] ::1 /thinkphp_3.2/_ROOT_/Public/basic_temp/js/jquery.flot.min.js
INFO: [ app_init ] --START--
INFO: Run Behavior\BuildLiteBehavior [ RunTime:0.000000s ]
INFO: [ app_init ] --END-- [ RunTime:0.001000s ]
ERR: 无法加载模块:_ROOT_

[ 2016-01-19T14:08:31+08:00 ] ::1 /thinkphp_3.2/_ROOT_/Public/basic_temp/js/bootstrap.min.js
INFO: [ app_init ] --START--
INFO: Run Behavior\BuildLiteBehavior [ RunTime:0.000000s ]
INFO: [ app_init ] --END-- [ RunTime:0.000000s ]
ERR: 无法加载模块:_ROOT_

[ 2016-01-19T14:08:31+08:00 ] ::1 /thinkphp_3.2/_ROOT_/Public/basic_temp/js/jquery.flot.resize.min.js
INFO: [ app_init ] --START--
INFO: Run Behavior\BuildLiteBehavior [ RunTime:0.000000s ]
INFO: [ app_init ] --END-- [ RunTime:0.000000s ]
ERR: 无法加载模块:_ROOT_

[ 2016-01-19T14:08:31+08:00 ] ::1 /thinkphp_3.2/_ROOT_/Public/basic_temp/js/fullcalendar.min.js
INFO: [ app_init ] --START--
INFO: Run Behavior\BuildLiteBehavior [ RunTime:0.000000s ]
INFO: [ app_init ] --END-- [ RunTime:0.000000s ]
ERR: 无法加载模块:_ROOT_

[ 2016-01-19T14:08:31+08:00 ] ::1 /thinkphp_3.2/_ROOT_/Public/basic_temp/js/unicorn.dashboard.js
INFO: [ app_init ] --START--
INFO: Run Behavior\BuildLiteBehavior [ RunTime:0.000000s ]
INFO: [ app_init ] --END-- [ RunTime:0.000000s ]
ERR: 无法加载模块:_ROOT_

[ 2016-01-19T14:08:31+08:00 ] ::1 /thinkphp_3.2/_ROOT_/Public/basic_temp/js/unicorn.js
INFO: [ app_init ] --START--
INFO: Run Behavior\BuildLiteBehavior [ RunTime:0.000000s ]
INFO: [ app_init ] --END-- [ RunTime:0.000000s ]
ERR: 无法加载模块:_ROOT_

[ 2016-01-19T14:18:12+08:00 ] ::1 /thinkphp_3.2/_PUBLIC_/css/bootstrap.min.css
INFO: [ app_init ] --START--
INFO: Run Behavior\BuildLiteBehavior [ RunTime:0.000000s ]
INFO: [ app_init ] --END-- [ RunTime:0.000000s ]
ERR: 无法加载模块:_PUBLIC_

[ 2016-01-19T14:18:12+08:00 ] ::1 /thinkphp_3.2/_PUBLIC_/css/bootstrap-responsive.min.css
INFO: [ app_init ] --START--
INFO: Run Behavior\BuildLiteBehavior [ RunTime:0.000000s ]
INFO: [ app_init ] --END-- [ RunTime:0.001000s ]
ERR: 无法加载模块:_PUBLIC_

[ 2016-01-19T14:18:12+08:00 ] ::1 /thinkphp_3.2/_PUBLIC_/css/fullcalendar.css
INFO: [ app_init ] --START--
INFO: Run Behavior\BuildLiteBehavior [ RunTime:0.000000s ]
INFO: [ app_init ] --END-- [ RunTime:0.000000s ]
ERR: 无法加载模块:_PUBLIC_

[ 2016-01-19T14:18:12+08:00 ] ::1 /thinkphp_3.2/_TMPL_STYLE_PATH_/js/excanvas.min.js
INFO: [ app_init ] --START--
INFO: Run Behavior\BuildLiteBehavior [ RunTime:0.000000s ]
INFO: [ app_init ] --END-- [ RunTime:0.000000s ]
ERR: 无法加载模块:_TMPL_STYLE_PATH_

[ 2016-01-19T14:18:12+08:00 ] ::1 /thinkphp_3.2/_PUBLIC_/css/unicorn.main.css
INFO: [ app_init ] --START--
INFO: Run Behavior\BuildLiteBehavior [ RunTime:0.000000s ]
INFO: [ app_init ] --END-- [ RunTime:0.001000s ]
ERR: 无法加载模块:_PUBLIC_

[ 2016-01-19T14:18:12+08:00 ] ::1 /thinkphp_3.2/_TMPL_STYLE_PATH_/js/jquery.ui.custom.js
INFO: [ app_init ] --START--
INFO: Run Behavior\BuildLiteBehavior [ RunTime:0.000000s ]
INFO: [ app_init ] --END-- [ RunTime:0.000000s ]
ERR: 无法加载模块:_TMPL_STYLE_PATH_

[ 2016-01-19T14:18:12+08:00 ] ::1 /thinkphp_3.2/_PUBLIC_/css/unicorn.grey.css
INFO: [ app_init ] --START--
INFO: Run Behavior\BuildLiteBehavior [ RunTime:0.000000s ]
INFO: [ app_init ] --END-- [ RunTime:0.001000s ]
ERR: 无法加载模块:_PUBLIC_

[ 2016-01-19T14:18:12+08:00 ] ::1 /thinkphp_3.2/_TMPL_STYLE_PATH_/js/bootstrap.min.js
INFO: [ app_init ] --START--
INFO: Run Behavior\BuildLiteBehavior [ RunTime:0.000000s ]
INFO: [ app_init ] --END-- [ RunTime:0.001000s ]
ERR: 无法加载模块:_TMPL_STYLE_PATH_

[ 2016-01-19T14:18:12+08:00 ] ::1 /thinkphp_3.2/_TMPL_STYLE_PATH_/js/jquery.min.js
INFO: [ app_init ] --START--
INFO: Run Behavior\BuildLiteBehavior [ RunTime:0.000000s ]
INFO: [ app_init ] --END-- [ RunTime:0.000000s ]
ERR: 无法加载模块:_TMPL_STYLE_PATH_

[ 2016-01-19T14:18:12+08:00 ] ::1 /thinkphp_3.2/_TMPL_STYLE_PATH_/js/jquery.flot.min.js
INFO: [ app_init ] --START--
INFO: Run Behavior\BuildLiteBehavior [ RunTime:0.000000s ]
INFO: [ app_init ] --END-- [ RunTime:0.001000s ]
ERR: 无法加载模块:_TMPL_STYLE_PATH_

[ 2016-01-19T14:18:12+08:00 ] ::1 /thinkphp_3.2/_TMPL_STYLE_PATH_/js/jquery.flot.resize.min.js
INFO: [ app_init ] --START--
INFO: Run Behavior\BuildLiteBehavior [ RunTime:0.000000s ]
INFO: [ app_init ] --END-- [ RunTime:0.000000s ]
ERR: 无法加载模块:_TMPL_STYLE_PATH_

[ 2016-01-19T14:18:12+08:00 ] ::1 /thinkphp_3.2/_TMPL_STYLE_PATH_/js/fullcalendar.min.js
INFO: [ app_init ] --START--
INFO: Run Behavior\BuildLiteBehavior [ RunTime:0.000000s ]
INFO: [ app_init ] --END-- [ RunTime:0.001000s ]
ERR: 无法加载模块:_TMPL_STYLE_PATH_

[ 2016-01-19T14:18:12+08:00 ] ::1 /thinkphp_3.2/_TMPL_STYLE_PATH_/js/jquery.peity.min.js
INFO: [ app_init ] --START--
INFO: Run Behavior\BuildLiteBehavior [ RunTime:0.000000s ]
INFO: [ app_init ] --END-- [ RunTime:0.007000s ]
ERR: 无法加载模块:_TMPL_STYLE_PATH_

[ 2016-01-19T14:18:12+08:00 ] ::1 /thinkphp_3.2/_TMPL_STYLE_PATH_/js/unicorn.js
INFO: [ app_init ] --START--
INFO: Run Behavior\BuildLiteBehavior [ RunTime:0.000000s ]
INFO: [ app_init ] --END-- [ RunTime:0.000000s ]
ERR: 无法加载模块:_TMPL_STYLE_PATH_

[ 2016-01-19T14:18:12+08:00 ] ::1 /thinkphp_3.2/_TMPL_STYLE_PATH_/js/unicorn.dashboard.js
INFO: [ app_init ] --START--
INFO: Run Behavior\BuildLiteBehavior [ RunTime:0.000000s ]
INFO: [ app_init ] --END-- [ RunTime:0.000000s ]
ERR: 无法加载模块:_TMPL_STYLE_PATH_

[ 2016-01-19T14:19:13+08:00 ] ::1 /thinkphp_3.2/_TMPL_STYLE_PATH_/js/jquery.min.js
INFO: [ app_init ] --START--
INFO: Run Behavior\BuildLiteBehavior [ RunTime:0.000000s ]
INFO: [ app_init ] --END-- [ RunTime:0.000000s ]
ERR: 无法加载模块:_TMPL_STYLE_PATH_

[ 2016-01-19T14:19:13+08:00 ] ::1 /thinkphp_3.2/_TMPL_STYLE_PATH_/js/jquery.ui.custom.js
INFO: [ app_init ] --START--
INFO: Run Behavior\BuildLiteBehavior [ RunTime:0.000000s ]
INFO: [ app_init ] --END-- [ RunTime:0.000000s ]
ERR: 无法加载模块:_TMPL_STYLE_PATH_

[ 2016-01-19T14:19:13+08:00 ] ::1 /thinkphp_3.2/_TMPL_STYLE_PATH_/js/bootstrap.min.js
INFO: [ app_init ] --START--
INFO: Run Behavior\BuildLiteBehavior [ RunTime:0.000000s ]
INFO: [ app_init ] --END-- [ RunTime:0.000000s ]
ERR: 无法加载模块:_TMPL_STYLE_PATH_

[ 2016-01-19T14:19:13+08:00 ] ::1 /thinkphp_3.2/_TMPL_STYLE_PATH_/js/jquery.flot.resize.min.js
INFO: [ app_init ] --START--
INFO: Run Behavior\BuildLiteBehavior [ RunTime:0.000000s ]
INFO: [ app_init ] --END-- [ RunTime:0.000000s ]
ERR: 无法加载模块:_TMPL_STYLE_PATH_

[ 2016-01-19T14:19:13+08:00 ] ::1 /thinkphp_3.2/_TMPL_STYLE_PATH_/js/excanvas.min.js
INFO: [ app_init ] --START--
INFO: Run Behavior\BuildLiteBehavior [ RunTime:0.000000s ]
INFO: [ app_init ] --END-- [ RunTime:0.000000s ]
ERR: 无法加载模块:_TMPL_STYLE_PATH_

[ 2016-01-19T14:19:13+08:00 ] ::1 /thinkphp_3.2/_TMPL_STYLE_PATH_/js/jquery.flot.min.js
INFO: [ app_init ] --START--
INFO: Run Behavior\BuildLiteBehavior [ RunTime:0.000000s ]
INFO: [ app_init ] --END-- [ RunTime:0.000000s ]
ERR: 无法加载模块:_TMPL_STYLE_PATH_

[ 2016-01-19T14:19:13+08:00 ] ::1 /thinkphp_3.2/_TMPL_STYLE_PATH_/js/jquery.peity.min.js
INFO: [ app_init ] --START--
INFO: Run Behavior\BuildLiteBehavior [ RunTime:0.000000s ]
INFO: [ app_init ] --END-- [ RunTime:0.000000s ]
ERR: 无法加载模块:_TMPL_STYLE_PATH_

[ 2016-01-19T14:19:13+08:00 ] ::1 /thinkphp_3.2/_TMPL_STYLE_PATH_/js/fullcalendar.min.js
INFO: [ app_init ] --START--
INFO: Run Behavior\BuildLiteBehavior [ RunTime:0.000000s ]
INFO: [ app_init ] --END-- [ RunTime:0.000000s ]
ERR: 无法加载模块:_TMPL_STYLE_PATH_

[ 2016-01-19T14:19:13+08:00 ] ::1 /thinkphp_3.2/_TMPL_STYLE_PATH_/js/unicorn.js
INFO: [ app_init ] --START--
INFO: Run Behavior\BuildLiteBehavior [ RunTime:0.000000s ]
INFO: [ app_init ] --END-- [ RunTime:0.001000s ]
ERR: 无法加载模块:_TMPL_STYLE_PATH_

[ 2016-01-19T14:19:13+08:00 ] ::1 /thinkphp_3.2/_TMPL_STYLE_PATH_/js/unicorn.dashboard.js
INFO: [ app_init ] --START--
INFO: Run Behavior\BuildLiteBehavior [ RunTime:0.000000s ]
INFO: [ app_init ] --END-- [ RunTime:0.000000s ]
ERR: 无法加载模块:_TMPL_STYLE_PATH_

[ 2016-01-19T14:19:28+08:00 ] ::1 /thinkphp_3.2/interface.html
INFO: [ app_init ] --START--
INFO: Run Behavior\BuildLiteBehavior [ RunTime:0.000000s ]
INFO: [ app_init ] --END-- [ RunTime:0.001000s ]
ERR: 无法加载模块:Interface

